
ROM used:   8456/32768 (26%)
            8456/32768 (26%) including unused fragments

            1.0 Average locations per line
            6.5 Average locations per statement

RAM used:   526/2048 (26%) at main() level
            583/2048 (28%) worst case

Stack used: 7 worst case (0 in main + 7 for interrupts)
Stack size: 31

Lines Stmts  %   Files
----- ----- ---  -----
  227   104   8  mainbobinadorasuperduper.c
  876     0   0  ..\..\..\..\..\Program Files (x86)\PICC\Devices\18F4550.h
  878   142  11  ..\..\..\..\..\Program Files (x86)\PICC\Drivers\usb_cdc.h
  228     0   0  ..\..\..\..\..\Program Files (x86)\PICC\Drivers\pic18_usb.h
  328     0   0  ..\..\..\..\..\Program Files (x86)\PICC\Drivers\usb_hw_layer.h
  300     0   0  ..\..\..\..\..\Program Files (x86)\PICC\Drivers\usb_desc_cdc.h
   39     0   0  ..\..\..\..\..\Program Files (x86)\PICC\Drivers\stdbool.h
 1105     0   0  ..\..\..\..\..\Program Files (x86)\PICC\Drivers\usb.h
 1193   234  18  ..\..\..\..\..\Program Files (x86)\PICC\Drivers\usb.c
  195     0   0  ..\..\..\..\..\Program Files (x86)\PICC\Drivers\stdint.h
 1518   304  23  ..\..\..\..\..\Program Files (x86)\PICC\Drivers\pic18_usb.c
  435     0   0  ..\..\..\..\..\Program Files (x86)\PICC\Drivers\string.h
   32     0   0  ..\..\..\..\..\Program Files (x86)\PICC\Drivers\stddef.h
   28   113   9  ..\..\..\..\..\Program Files (x86)\PICC\Drivers\ctype.h
 1354   359  28  ..\..\..\..\..\Program Files (x86)\PICC\Drivers\stdlib.h
   85    44   3  usb_cdc_string.h
----- -----
 8821  1300 Total

Page ROM  %  RAM    Vol Diff  Functions:
---- --- --- ---    --- ----  ----------
0     40   0    1             @delay_ms1
0     32   0    1             @delay_us1
0     32   0    0             @const855
0     32   0    0             @const858
0     48   0    0             @const861
0     48   0    0             @const864
0     84   0    0             @const867
0     18   0    0             @const870
0     24   0    0             @const873
0     34   0    0             @const878
0     60   0    0             @const881
0     34   0    5             @MUL1616
0     86   1    4    139  4.3  usb_tbe
0     38   0    1    172  3.4  usb_detach
0     46   0    0    236  2.3  usb_attach
0      6   0    0     16  1.0  usb_init_cs
0     34   0    1    375  5.2  usb_task
0     14   0    0     61  2.5  usb_init
0    332   2   10    976  5.9  usb_flush_in
0    158   1   10    344  6.1  usb_put_packet
0    256   2    9    914  5.0  usb_flush_out
0     64   0    3     66  2.7  usb_rx_packet_size
0    102   1    6    264  4.6  usb_stall_ep
0    122   1    6    329  4.7  usb_unstall_ep
0    118   1    5    373  6.0  usb_endpoint_stalled
0     26   0    1     94  2.7  usb_set_address
0    490   3   12   1785 11.3  usb_set_configured
0    112   1    5    199  3.2  usb_disable_endpoint
0     30   0    1     99  3.0  usb_disable_endpoints
0      4   0    0     61  4.0  usb_clear_trn
0    126   1    2    656  6.8  usb_isr
0      6   0    0     39  2.0  usb_isr_sof
0     48   0    0    450  4.3  usb_isr_rst
0     42   0    2    458  4.4  usb_init_ep0_setup
0      8   0    0     74  2.8  usb_isr_uerr
0     10   0    0     88  2.5  usb_isr_uidle
0     18   0    0    149  3.5  usb_isr_activity
0     14   0    0    151  3.9  usb_isr_stall
0      6   0    1     30  1.7  usb_request_send_response
0      6   0    0     22  1.2  usb_request_get_data
0      4   0    0     22  1.2  usb_request_stall
0    248   1    3   3308  9.3  usb_isr_tok_dne
0      8   0    0     29  1.9  usb_enumerated
0     48   0    3    273  4.0  usb_token_reset
0     78   0    3    305  7.1  usb_endpoint_is_valid
0     50   0    1    212  3.1  usb_isr_tok_in_dne
0     30   0    1    115  2.5  usb_isr_tok_out_dne
0     50   0    0    375  6.4  usb_isr_tok_setup_dne
0    188   1    0   1454  8.3  usb_isr_tkn_setup_StandardDevice
0    160   1    3    933  7.7  usb_isr_tkn_setup_StandardInterface
0    106   1    0    753  5.8  usb_isr_tkn_setup_StandardEndpoint
0    190   1    1   1248 10.7  usb_Get_Descriptor
0     14   0    0     76  1.8  usb_finish_set_address
0    136   1    4    624  8.9  usb_copy_desc_seg_to_ep
0     72   0    0    302  6.2  usb_isr_tok_out_cdc_control_dne
0    156   1    2   1200  8.6  usb_isr_tkn_cdc
0     28   0    0    174  3.6  usb_isr_tok_out_cdc_data_dne
0      6   0    0     81  0.9  usb_isr_tok_in_cdc_data_dne
0    220   1   13    496  8.2  memmove
0    114   1    9    288  6.0  strpbrk
0    140   1    9    346  7.5  strspn
0     54   0    5    129  4.6  strlen
0    168   1   10    496  8.2  strtok
0    114   1    4    318  5.2  usb_cdc_flush_tx_buffer
0     64   0    4    280  2.3  usb_cdc_init
0     16   0    0     59  2.3  usb_cdc_get_discard
0     54   0    2    232  5.4  usb_cdc_getc
0     48   0    4    228  4.8  _usb_cdc_putc_fast_noflush
0     26   0    1     52  2.0  usb_cdc_putc_fast
0     62   0    1    125  3.7  usb_cdc_putc
0     76   0    2             @MUL88
0     82   0    6             @MULS1616
0    394   2    9   1815 10.5  atoi
0    466   3   11   1817 10.4  atol
0     88   1    7    254  7.0  usb_read_string_until
0     26   0    1    130  2.6  isr_comp
0    366   2    8    707  5.0  procesar_tramas
0     72   0    0             @const1501
0     30   0    3             @PSTRINGCN_746
0    242   1    9             @PRINTF_LD_746
0     40   0    3             @DIV88
0    170   1    6             @PRINTF_D_746
0     50   0    0    187  3.0  configurar_puerto
0     86   1    1    275  3.1  calibrar
0     14   0    0             @const1513
0     32   0    2             @PSTRINGC_746
0     22   0    0             @const1518
0    232   1    5    865  6.2  bobinar
0     42   0    0             @const1522
0     14   0    0             @const1523
0    270   2    4    533  4.3  MAIN
 Inline         0             @cinit1

Program metrics:
    Functions               67
    Statements              1300
    Comments                6264
    Volume (V)              57175
    Difficulty (D)          323.9
    Effort to implement (E) 18516100
    Time to implement (T)   285 hours, 45 minutes
    Est Delivered Bugs (B)  23
    Cyclomatic Complexity   169
    Maintainability (MI)    121

 Segment     Used  Free
-----------  ----  ----
00000-00002     4  0  
00004-00006     4  0  
00008-000B8   178  0  
000BA-07FFE  8270  24312  



